<?xml version="1.0" encoding="UTF-8"?>
<!-- Generated by org.testng.reporters.JUnitXMLReporter -->
<testsuite ignored="0" hostname="Pavan" failures="0" tests="5" name="Default test" time="17.094" errors="0" timestamp="2025-09-08T16:29:24 IST">
  <testcase classname="testcases.SearchFilterTest" name="testSearchMacBook" time="0.732"/>
  <testcase classname="testcases.SearchFilterTest" name="testSearchHTC" time="1.224"/>
  <testcase classname="testcases.SearchFilterTest" name="testSearchGiftCard" time="0.958"/>
  <testcase classname="testcases.SearchFilterTest" name="testSortByPriceLowToHigh" time="0.877"/>
  <testcase classname="testcases.SearchFilterTest" name="testSortByPriceHighToLow" time="1.106"/>
</testsuite> <!-- Default test -->
