<?xml version="1.0" encoding="UTF-8"?>
<!-- Generated by org.testng.reporters.JUnitXMLReporter -->
<testsuite ignored="0" hostname="Pavan" failures="1" tests="1" name="Test" time="0.051" errors="0" timestamp="2025-09-08T16:20:08 IST">
  <testcase classname="testcases.RegisterTest" name="testUserRegistration" time="0.0">
    <failure type="java.lang.RuntimeException" message="java.io.FileNotFoundException: C:\Users\Pavan\eclipse-workspace\NopCommerce-capstone\testdata\TestData.xlsx (The system cannot find the path specified)">
      <![CDATA[java.lang.RuntimeException: java.io.FileNotFoundException: C:\Users\Pavan\eclipse-workspace\NopCommerce-capstone\testdata\TestData.xlsx (The system cannot find the path specified)
at java.base/java.util.ArrayList.forEach(ArrayList.java:1596)
Caused by: java.io.FileNotFoundException: C:\Users\Pavan\eclipse-workspace\NopCommerce-capstone\testdata\TestData.xlsx (The system cannot find the path specified)
at java.base/java.io.FileInputStream.open0(Native Method)
at java.base/java.io.FileInputStream.open(FileInputStream.java:213)
at java.base/java.io.FileInputStream.<init>(FileInputStream.java:152)
at java.base/java.io.FileInputStream.<init>(FileInputStream.java:106)
at utils.ExcelUtil.setExcelFile(ExcelUtil.java:14)
at utils.DataProviders.getRegisterData(DataProviders.java:10)
... 25 more
... Removed 30 stack frames]]>
    </failure>
  </testcase> <!-- testUserRegistration -->
</testsuite> <!-- Test -->
